# JRE version: OpenJDK Runtime Environment (11.0.10) (build 11.0.10+0-b96-7249189)
# Java VM: OpenJDK 64-Bit Server VM (11.0.10+0-b96-7249189, mixed mode, tiered, compressed oops, g1 gc, linux-amd64)
Heap:
 garbage-first heap   total 256000K, used 155237K [0x0000000080000000, 0x0000000100000000)
  region size 1024K, 11 young (11264K), 2 survivors (2048K)
 Metaspace       used 110234K, capacity 113149K, committed 114508K, reserved 1148928K
  class space    used 13849K, capacity 14929K, committed 15436K, reserved 1048576K
GC Heap History (20 events):
Event: 50,415 GC heap before
{Heap before GC invocations=14 (full 0):
 garbage-first heap   total 256000K, used 214016K [0x0000000080000000, 0x0000000100000000)
  region size 1024K, 130 young (133120K), 19 survivors (19456K)
 Metaspace       used 83336K, capacity 85452K, committed 85708K, reserved 1124352K
  class space    used 10674K, capacity 11449K, committed 11468K, reserved 1048576K
}
Event: 50,435 GC heap after
{Heap after GC invocations=15 (full 0):
 garbage-first heap   total 256000K, used 90467K [0x0000000080000000, 0x0000000100000000)
  region size 1024K, 5 young (5120K), 5 survivors (5120K)
 Metaspace       used 83336K, capacity 85452K, committed 85708K, reserved 1124352K
  class space    used 10674K, capacity 11449K, committed 11468K, reserved 1048576K
}
Event: 53,179 GC heap before
{Heap before GC invocations=15 (full 0):
 garbage-first heap   total 256000K, used 202083K [0x0000000080000000, 0x0000000100000000)
  region size 1024K, 115 young (117760K), 5 survivors (5120K)
 Metaspace       used 88176K, capacity 90368K, committed 90828K, reserved 1128448K
  class space    used 11065K, capacity 11852K, committed 11980K, reserved 1048576K
}
Event: 53,185 GC heap after
{Heap after GC invocations=16 (full 0):
 garbage-first heap   total 256000K, used 87735K [0x0000000080000000, 0x0000000100000000)
  region size 1024K, 2 young (2048K), 2 survivors (2048K)
 Metaspace       used 88176K, capacity 90368K, committed 90828K, reserved 1128448K
  class space    used 11065K, capacity 11852K, committed 11980K, reserved 1048576K
}
Event: 61,691 GC heap before
{Heap before GC invocations=16 (full 0):
 garbage-first heap   total 256000K, used 203447K [0x0000000080000000, 0x0000000100000000)
  region size 1024K, 116 young (118784K), 2 survivors (2048K)
 Metaspace       used 93488K, capacity 95725K, committed 96076K, reserved 1132544K
  class space    used 11698K, capacity 12512K, committed 12620K, reserved 1048576K
}
Event: 61,702 GC heap after
{Heap after GC invocations=17 (full 0):
 garbage-first heap   total 256000K, used 93480K [0x0000000080000000, 0x0000000100000000)
  region size 1024K, 8 young (8192K), 8 survivors (8192K)
 Metaspace       used 93488K, capacity 95725K, committed 96076K, reserved 1132544K
  class space    used 11698K, capacity 12512K, committed 12620K, reserved 1048576K
}
Event: 72,664 GC heap before
{Heap before GC invocations=17 (full 0):
 garbage-first heap   total 256000K, used 208168K [0x0000000080000000, 0x0000000100000000)
  region size 1024K, 119 young (121856K), 8 survivors (8192K)
 Metaspace       used 97562K, capacity 99975K, committed 100172K, reserved 1136640K
  class space    used 12231K, capacity 13108K, committed 13132K, reserved 1048576K
}
Event: 72,678 GC heap after
{Heap after GC invocations=18 (full 0):
 garbage-first heap   total 256000K, used 99256K [0x0000000080000000, 0x0000000100000000)
  region size 1024K, 13 young (13312K), 13 survivors (13312K)
 Metaspace       used 97562K, capacity 99975K, committed 100172K, reserved 1136640K
  class space    used 12231K, capacity 13108K, committed 13132K, reserved 1048576K
}
Event: 79,391 GC heap before
{Heap before GC invocations=18 (full 0):
 garbage-first heap   total 256000K, used 208824K [0x0000000080000000, 0x0000000100000000)
  region size 1024K, 121 young (123904K), 13 survivors (13312K)
 Metaspace       used 107121K, capacity 110242K, committed 110540K, reserved 1144832K
  class space    used 13805K, capacity 15021K, committed 15052K, reserved 1048576K
}
Event: 79,429 GC heap after
{Heap after GC invocations=19 (full 0):
 garbage-first heap   total 256000K, used 105162K [0x0000000080000000, 0x0000000100000000)
  region size 1024K, 13 young (13312K), 13 survivors (13312K)
 Metaspace       used 107121K, capacity 110242K, committed 110540K, reserved 1144832K
  class space    used 13805K, capacity 15021K, committed 15052K, reserved 1048576K
}
Event: 80,163 GC heap before
{Heap before GC invocations=19 (full 0):
 garbage-first heap   total 256000K, used 209610K [0x0000000080000000, 0x0000000100000000)
  region size 1024K, 115 young (117760K), 13 survivors (13312K)
 Metaspace       used 107834K, capacity 111043K, committed 111308K, reserved 1144832K
  class space    used 13824K, capacity 15046K, committed 15052K, reserved 1048576K
}
Event: 80,173 GC heap after
{Heap after GC invocations=20 (full 0):
 garbage-first heap   total 256000K, used 103470K [0x0000000080000000, 0x0000000100000000)
  region size 1024K, 6 young (6144K), 6 survivors (6144K)
 Metaspace       used 107834K, capacity 111043K, committed 111308K, reserved 1144832K
  class space    used 13824K, capacity 15046K, committed 15052K, reserved 1048576K
}
Event: 80,976 GC heap before
{Heap before GC invocations=20 (full 0):
 garbage-first heap   total 256000K, used 213038K [0x0000000080000000, 0x0000000100000000)
  region size 1024K, 113 young (115712K), 6 survivors (6144K)
 Metaspace       used 108351K, capacity 111533K, committed 111948K, reserved 1146880K
  class space    used 13828K, capacity 15053K, committed 15180K, reserved 1048576K
}
Event: 80,983 GC heap after
{Heap after GC invocations=21 (full 0):
 garbage-first heap   total 256000K, used 102272K [0x0000000080000000, 0x0000000100000000)
  region size 1024K, 5 young (5120K), 5 survivors (5120K)
 Metaspace       used 108351K, capacity 111533K, committed 111948K, reserved 1146880K
  class space    used 13828K, capacity 15053K, committed 15180K, reserved 1048576K
}
Event: 85,469 GC heap before
{Heap before GC invocations=21 (full 0):
 garbage-first heap   total 256000K, used 230272K [0x0000000080000000, 0x0000000100000000)
  region size 1024K, 115 young (117760K), 5 survivors (5120K)
 Metaspace       used 109503K, capacity 112734K, committed 112972K, reserved 1146880K
  class space    used 13923K, capacity 15168K, committed 15180K, reserved 1048576K
}
Event: 85,483 GC heap after
{Heap after GC invocations=22 (full 0):
 garbage-first heap   total 256000K, used 125758K [0x0000000080000000, 0x0000000100000000)
  region size 1024K, 15 young (15360K), 15 survivors (15360K)
 Metaspace       used 109503K, capacity 112734K, committed 112972K, reserved 1146880K
  class space    used 13923K, capacity 15168K, committed 15180K, reserved 1048576K
}
Event: 86,115 GC heap before
{Heap before GC invocations=22 (full 0):
 garbage-first heap   total 256000K, used 207678K [0x0000000080000000, 0x0000000100000000)
  region size 1024K, 96 young (98304K), 15 survivors (15360K)
 Metaspace       used 110339K, capacity 113675K, committed 113868K, reserved 1148928K
  class space    used 14023K, capacity 15306K, committed 15308K, reserved 1048576K
}
Event: 86,159 GC heap after
{Heap after GC invocations=23 (full 0):
 garbage-first heap   total 256000K, used 146705K [0x0000000080000000, 0x0000000100000000)
  region size 1024K, 12 young (12288K), 12 survivors (12288K)
 Metaspace       used 110339K, capacity 113675K, committed 113868K, reserved 1148928K
  class space    used 14023K, capacity 15306K, committed 15308K, reserved 1048576K
}
Event: 86,428 GC heap before
{Heap before GC invocations=23 (full 0):
 garbage-first heap   total 256000K, used 179473K [0x0000000080000000, 0x0000000100000000)
  region size 1024K, 46 young (47104K), 12 survivors (12288K)
 Metaspace       used 110721K, capacity 114114K, committed 114252K, reserved 1148928K
  class space    used 14061K, capacity 15343K, committed 15436K, reserved 1048576K
}
Event: 86,454 GC heap after
{Heap after GC invocations=24 (full 0):
 garbage-first heap   total 256000K, used 153426K [0x0000000080000000, 0x0000000100000000)
  region size 1024K, 5 young (5120K), 5 survivors (5120K)
 Metaspace       used 110721K, capacity 114114K, committed 114252K, reserved 1148928K
  class space    used 14061K, capacity 15343K, committed 15436K, reserved 1048576K
}

